================================================================================
Risk Manager V34 - Test Report
================================================================================
Test Run: All tests
Timestamp: 2025-10-27 20:12:54
Status: FAILED
Exit Code: 1
================================================================================

[1m============================= test session starts ==============================[0m
platform linux -- Python 3.13.7, pytest-8.4.2, pluggy-1.6.0 -- /mnt/c/Users/jakers/Desktop/risk-manager-v34/.venv/bin/python
cachedir: .pytest_cache
rootdir: /mnt/c/Users/jakers/Desktop/risk-manager-v34
configfile: pyproject.toml
plugins: anyio-4.11.0, asyncio-1.2.0, cov-7.0.0, mock-3.15.1
asyncio: mode=Mode.AUTO, debug=False, asyncio_default_fixture_loop_scope=None, asyncio_default_test_loop_scope=function
[1mcollecting ... [0mcollected 249 items

tests/e2e/test_max_contracts_e2e.py::TestMaxContractsE2E::test_position_below_limit_no_enforcement [32mPASSED[0m[33m [  0%][0m
tests/e2e/test_max_contracts_e2e.py::TestMaxContractsE2E::test_position_exceeds_limit_triggers_enforcement [32mPASSED[0m[33m [  0%][0m
tests/e2e/test_max_contracts_e2e.py::TestMaxContractsE2E::test_complete_flow_sdk_to_enforcement [32mPASSED[0m[33m [  1%][0m
tests/e2e/test_max_contracts_e2e.py::TestMaxContractsE2E::test_multiple_position_updates [32mPASSED[0m[33m [  1%][0m
tests/e2e/test_max_contracts_e2e.py::TestMaxContractsE2E::test_multi_symbol_total_exceeds_limit [32mPASSED[0m[33m [  2%][0m
tests/e2e/test_max_contracts_e2e.py::TestMaxContractsE2E::test_enforcement_closes_positions_via_sdk [32mPASSED[0m[33m [  2%][0m
tests/e2e/test_max_contracts_e2e.py::TestMaxContractsE2E::test_system_continues_after_handler_error [32mPASSED[0m[33m [  2%][0m
tests/e2e/test_max_contracts_e2e.py::TestMaxContractsE2E::test_end_to_end_latency [32mPASSED[0m[33m [  3%][0m
tests/e2e/test_max_contracts_e2e.py::TestMaxContractsE2E::test_state_remains_consistent_across_events [32mPASSED[0m[33m [  3%][0m
tests/e2e/test_max_contracts_e2e.py::TestMaxContractsE2E::test_realistic_day_trading_scenario [32mPASSED[0m[33m [  4%][0m
tests/integration/test_event_pipeline_integration.py::TestEventPipelineIntegration::test_event_bus_publishes_to_subscribers [32mPASSED[0m[33m [  4%][0m
tests/integration/test_event_pipeline_integration.py::TestEventPipelineIntegration::test_event_bus_multiple_subscribers [32mPASSED[0m[33m [  4%][0m
tests/integration/test_event_pipeline_integration.py::TestEventPipelineIntegration::test_engine_evaluates_rule_on_event [32mPASSED[0m[33m [  5%][0m
tests/integration/test_event_pipeline_integration.py::TestEventPipelineIntegration::test_engine_skips_rules_when_no_violation [32mPASSED[0m[33m [  5%][0m
tests/integration/test_event_pipeline_integration.py::TestEventPipelineIntegration::test_violation_triggers_flatten_enforcement [32mPASSED[0m[33m [  6%][0m
tests/integration/test_event_pipeline_integration.py::TestEventPipelineIntegration::test_violation_publishes_event [32mPASSED[0m[33m [  6%][0m
tests/integration/test_event_pipeline_integration.py::TestEventPipelineIntegration::test_end_to_end_position_violation_flow [32mPASSED[0m[33m [  6%][0m
tests/integration/test_event_pipeline_integration.py::TestEventPipelineIntegration::test_multiple_rules_evaluated_in_order [32mPASSED[0m[33m [  7%][0m
tests/integration/test_event_pipeline_integration.py::TestEventPipelineIntegration::test_event_bus_handles_handler_errors [32mPASSED[0m[33m [  7%][0m
tests/integration/test_event_pipeline_integration.py::TestEventPipelineIntegration::test_engine_tracks_position_state [32mPASSED[0m[33m [  8%][0m
tests/integration/test_event_pipeline_integration.py::TestEventPipelineIntegration::test_flatten_action_calls_flatten_all [32mPASSED[0m[33m [  8%][0m
tests/integration/test_event_pipeline_integration.py::TestEventPipelineIntegration::test_pause_action_triggers_pause_trading [32mPASSED[0m[33m [  8%][0m
tests/integration/test_event_pipeline_integration.py::TestEventPipelineIntegration::test_event_processing_is_fast [32mPASSED[0m[33m [  9%][0m
tests/integration/test_event_pipeline_integration.py::TestEventPipelineIntegration::test_multi_symbol_position_tracking [32mPASSED[0m[33m [  9%][0m
tests/runtime/test_async_debug.py::test_async_task_creation [32mPASSED[0m[33m       [ 10%][0m
tests/runtime/test_async_debug.py::test_async_task_lifecycle [32mPASSED[0m[33m      [ 10%][0m
tests/runtime/test_async_debug.py::test_async_task_cancellation [32mPASSED[0m[33m   [ 10%][0m
tests/runtime/test_async_debug.py::test_async_race_condition_detection [32mPASSED[0m[33m [ 11%][0m
tests/runtime/test_async_debug.py::test_async_deadlock_prevention [32mPASSED[0m[33m [ 11%][0m
tests/runtime/test_async_debug.py::test_async_resource_leak_detection [32mPASSED[0m[33m [ 12%][0m
tests/runtime/test_async_debug.py::test_async_task_duration_tracking [32mPASSED[0m[33m [ 12%][0m
tests/runtime/test_async_debug.py::test_async_slow_task_detection [32mPASSED[0m[33m [ 12%][0m
tests/runtime/test_async_debug.py::test_async_memory_usage [32mPASSED[0m[33m        [ 13%][0m
tests/runtime/test_async_debug.py::test_async_exception_tracking [32mPASSED[0m[33m  [ 13%][0m
tests/runtime/test_async_debug.py::test_async_timeout_detection [32mPASSED[0m[33m   [ 14%][0m
tests/runtime/test_async_debug.py::test_async_task_inspection [32mPASSED[0m[33m     [ 14%][0m
tests/runtime/test_async_debug.py::test_async_event_loop_monitoring [32mPASSED[0m[33m [ 14%][0m
tests/runtime/test_async_debug.py::test_async_debug_logging [32mPASSED[0m[33m       [ 15%][0m
tests/runtime/test_dry_run.py::test_dry_run_enabled [32mPASSED[0m[33m               [ 15%][0m
tests/runtime/test_dry_run.py::test_dry_run_no_real_trades [32mPASSED[0m[33m        [ 16%][0m
tests/runtime/test_dry_run.py::test_dry_run_simulates_positions [32mPASSED[0m[33m   [ 16%][0m
tests/runtime/test_dry_run.py::test_dry_run_logs_actions [32mPASSED[0m[33m          [ 16%][0m
tests/runtime/test_dry_run.py::test_dry_run_validates_operations [32mPASSED[0m[33m  [ 17%][0m
tests/runtime/test_dry_run.py::test_dry_run_tracks_simulated_state [32mPASSED[0m[33m [ 17%][0m
tests/runtime/test_dry_run.py::test_dry_run_pnl_calculation [31mFAILED[0m[31m       [ 18%][0m
tests/runtime/test_dry_run.py::test_dry_run_state_isolation [32mPASSED[0m[31m       [ 18%][0m
tests/runtime/test_dry_run.py::test_dry_run_vs_real_comparison [31mFAILED[0m[31m    [ 18%][0m
tests/runtime/test_dry_run.py::test_dry_run_same_logic [32mPASSED[0m[31m            [ 19%][0m
tests/runtime/test_dry_run.py::test_dry_run_detects_errors [32mPASSED[0m[31m        [ 19%][0m
tests/runtime/test_dry_run.py::test_dry_run_error_handling [32mPASSED[0m[31m        [ 20%][0m
tests/runtime/test_dry_run.py::test_dry_run_generates_report [32mPASSED[0m[31m      [ 20%][0m
tests/runtime/test_dry_run.py::test_dry_run_summary_statistics [32mPASSED[0m[31m    [ 20%][0m
tests/runtime/test_heartbeat.py::test_heartbeat_initial_alive [32mPASSED[0m[31m     [ 21%][0m
tests/runtime/test_heartbeat.py::test_heartbeat_regular_updates [32mPASSED[0m[31m   [ 21%][0m
tests/runtime/test_heartbeat.py::test_heartbeat_timestamp_recent [32mPASSED[0m[31m  [ 22%][0m
tests/runtime/test_heartbeat.py::test_heartbeat_health_status_healthy [32mPASSED[0m[31m [ 22%][0m
tests/runtime/test_heartbeat.py::test_heartbeat_continuous_monitoring [32mPASSED[0m[31m [ 22%][0m
tests/runtime/test_heartbeat.py::test_heartbeat_timeout_failure [32mPASSED[0m[31m   [ 23%][0m
tests/runtime/test_heartbeat.py::test_heartbeat_monitor_stopped [32mPASSED[0m[31m   [ 23%][0m
tests/runtime/test_heartbeat.py::test_heartbeat_degraded_health [32mPASSED[0m[31m   [ 24%][0m
tests/runtime/test_heartbeat.py::test_heartbeat_unhealthy_status [32mPASSED[0m[31m  [ 24%][0m
tests/runtime/test_heartbeat.py::test_heartbeat_uptime_tracking [32mPASSED[0m[31m   [ 24%][0m
tests/runtime/test_heartbeat.py::test_heartbeat_uptime_reset_on_restart [32mPASSED[0m[31m [ 25%][0m
tests/runtime/test_heartbeat.py::test_heartbeat_recovery_after_pause [32mPASSED[0m[31m [ 25%][0m
tests/runtime/test_heartbeat.py::test_heartbeat_automatic_restart [32mPASSED[0m[31m [ 26%][0m
tests/runtime/test_heartbeat.py::test_heartbeat_metrics_collection [32mPASSED[0m[31m [ 26%][0m
tests/runtime/test_heartbeat.py::test_heartbeat_interval_consistency [32mPASSED[0m[31m [ 26%][0m
tests/runtime/test_post_conditions.py::test_post_condition_state_valid_after_trade [32mPASSED[0m[31m [ 27%][0m
tests/runtime/test_post_conditions.py::test_post_condition_positions_consistent [32mPASSED[0m[31m [ 27%][0m
tests/runtime/test_post_conditions.py::test_post_condition_rules_enforced [32mPASSED[0m[31m [ 28%][0m
tests/runtime/test_post_conditions.py::test_post_condition_event_bus_operational [31mFAILED[0m[31m [ 28%][0m
tests/runtime/test_post_conditions.py::test_post_condition_memory_bounds [32mPASSED[0m[31m [ 28%][0m
tests/runtime/test_post_conditions.py::test_post_condition_invalid_state [32mPASSED[0m[31m [ 29%][0m
tests/runtime/test_post_conditions.py::test_post_condition_data_inconsistency [32mPASSED[0m[31m [ 29%][0m
tests/runtime/test_post_conditions.py::test_post_condition_constraint_violated [32mPASSED[0m[31m [ 30%][0m
tests/runtime/test_post_conditions.py::test_post_condition_timeout [32mPASSED[0m[31m [ 30%][0m
tests/runtime/test_post_conditions.py::test_post_condition_multiple_checks [32mPASSED[0m[31m [ 30%][0m
tests/runtime/test_post_conditions.py::test_post_condition_partial_failure [32mPASSED[0m[31m [ 31%][0m
tests/runtime/test_post_conditions.py::test_post_condition_invariant_maintained [32mPASSED[0m[31m [ 31%][0m
tests/runtime/test_post_conditions.py::test_post_condition_referential_integrity [32mPASSED[0m[31m [ 32%][0m
tests/runtime/test_post_conditions.py::test_post_condition_audit_trail [32mPASSED[0m[31m [ 32%][0m
tests/runtime/test_smoke.py::test_smoke_basic_startup_success [32mPASSED[0m[31m     [ 32%][0m
tests/runtime/test_smoke.py::test_smoke_configuration_load_success [32mPASSED[0m[31m [ 33%][0m
tests/runtime/test_smoke.py::test_smoke_event_bus_success [31mFAILED[0m[31m         [ 33%][0m
tests/runtime/test_smoke.py::test_smoke_rule_engine_success [32mPASSED[0m[31m       [ 34%][0m
tests/runtime/test_smoke.py::test_smoke_state_tracking_success [31mFAILED[0m[31m    [ 34%][0m
tests/runtime/test_smoke.py::test_smoke_missing_config_failure [32mPASSED[0m[31m    [ 34%][0m
tests/runtime/test_smoke.py::test_smoke_invalid_config_failure [32mPASSED[0m[31m    [ 35%][0m
tests/runtime/test_smoke.py::test_smoke_startup_timeout_failure [32mPASSED[0m[31m   [ 35%][0m
tests/runtime/test_smoke.py::test_smoke_dependency_failure [32mPASSED[0m[31m        [ 36%][0m
tests/runtime/test_smoke.py::test_smoke_full_suite_success [32mPASSED[0m[31m        [ 36%][0m
tests/runtime/test_smoke.py::test_smoke_partial_failure [32mPASSED[0m[31m           [ 36%][0m
tests/runtime/test_smoke.py::test_smoke_log_output_verification [32mPASSED[0m[31m   [ 37%][0m
tests/runtime/test_smoke.py::test_smoke_error_log_output [32mPASSED[0m[31m          [ 37%][0m
tests/unit/test_core/test_enforcement_wiring.py::TestEnforcementWiring::test_engine_accepts_trading_integration [32mPASSED[0m[31m [ 38%][0m
tests/unit/test_core/test_enforcement_wiring.py::TestEnforcementWiring::test_flatten_all_calls_trading_integration [32mPASSED[0m[31m [ 38%][0m
tests/unit/test_core/test_enforcement_wiring.py::TestEnforcementWiring::test_flatten_all_without_trading_integration [32mPASSED[0m[31m [ 38%][0m
tests/unit/test_core/test_enforcement_wiring.py::TestEnforcementWiring::test_enforcement_from_violation [32mPASSED[0m[31m [ 39%][0m
tests/unit/test_core/test_events.py::TestEventBus::test_create_event_bus [32mPASSED[0m[31m [ 39%][0m
tests/unit/test_core/test_events.py::TestEventBus::test_subscribe_to_event [32mPASSED[0m[31m [ 40%][0m
tests/unit/test_core/test_events.py::TestEventBus::test_subscribe_multiple_callbacks [32mPASSED[0m[31m [ 40%][0m
tests/unit/test_core/test_events.py::TestEventBus::test_unsubscribe_from_event [32mPASSED[0m[31m [ 40%][0m
tests/unit/test_core/test_events.py::TestRiskEvent::test_create_event [32mPASSED[0m[31m [ 41%][0m
tests/unit/test_core/test_events.py::TestRiskEvent::test_event_has_timestamp [32mPASSED[0m[31m [ 41%][0m
tests/unit/test_core/test_events.py::TestEventType::test_event_types_exist [32mPASSED[0m[31m [ 42%][0m
tests/unit/test_rules/test_daily_realized_loss.py::TestDailyRealizedLossRule::test_rule_initialization [32mPASSED[0m[31m [ 42%][0m
tests/unit/test_rules/test_daily_realized_loss.py::TestDailyRealizedLossRule::test_rule_initialization_custom_limit [32mPASSED[0m[31m [ 42%][0m
tests/unit/test_rules/test_daily_realized_loss.py::TestDailyRealizedLossRule::test_rule_initialization_validates_limit [32mPASSED[0m[31m [ 43%][0m
tests/unit/test_rules/test_daily_realized_loss.py::TestDailyRealizedLossRule::test_loss_below_limit_passes [32mPASSED[0m[31m [ 43%][0m
tests/unit/test_rules/test_daily_realized_loss.py::TestDailyRealizedLossRule::test_profitable_day_passes [32mPASSED[0m[31m [ 44%][0m
tests/unit/test_rules/test_daily_realized_loss.py::TestDailyRealizedLossRule::test_loss_at_limit_passes [32mPASSED[0m[31m [ 44%][0m
tests/unit/test_rules/test_daily_realized_loss.py::TestDailyRealizedLossRule::test_loss_exceeds_limit_violates [32mPASSED[0m[31m [ 44%][0m
tests/unit/test_rules/test_daily_realized_loss.py::TestDailyRealizedLossRule::test_large_loss_violates [32mPASSED[0m[31m [ 45%][0m
tests/unit/test_rules/test_daily_realized_loss.py::TestDailyRealizedLossRule::test_violation_triggers_lockout [32mPASSED[0m[31m [ 45%][0m
tests/unit/test_rules/test_daily_realized_loss.py::TestDailyRealizedLossRule::test_lockout_persists_until_reset [32mPASSED[0m[31m [ 46%][0m
tests/unit/test_rules/test_daily_realized_loss.py::TestDailyRealizedLossRule::test_multi_symbol_loss_tracking [32mPASSED[0m[31m [ 46%][0m
tests/unit/test_rules/test_daily_realized_loss.py::TestDailyRealizedLossRule::test_ignores_half_turn_trades [32mPASSED[0m[31m [ 46%][0m
tests/unit/test_rules/test_daily_realized_loss.py::TestDailyRealizedLossRule::test_counts_only_closed_positions [32mPASSED[0m[31m [ 47%][0m
tests/unit/test_rules/test_daily_realized_loss.py::TestDailyRealizedLossRule::test_approaching_limit_warning [32mPASSED[0m[31m [ 47%][0m
tests/unit/test_rules/test_daily_realized_loss.py::TestDailyRealizedLossRule::test_rule_disabled_when_locked [32mPASSED[0m[31m [ 48%][0m
tests/unit/test_rules/test_daily_realized_loss.py::TestDailyRealizedLossRule::test_enforcement_action_correct [32mPASSED[0m[31m [ 48%][0m
tests/unit/test_rules/test_daily_realized_loss.py::TestDailyRealizedLossRule::test_only_evaluates_pnl_events [32mPASSED[0m[31m [ 48%][0m
tests/unit/test_rules/test_daily_realized_loss.py::TestDailyRealizedLossRule::test_evaluates_pnl_updated_event [32mPASSED[0m[31m [ 49%][0m
tests/unit/test_rules/test_daily_realized_loss.py::TestDailyRealizedLossRule::test_zero_pnl [32mPASSED[0m[31m [ 49%][0m
tests/unit/test_rules/test_daily_realized_loss.py::TestDailyRealizedLossRule::test_missing_pnl_data [32mPASSED[0m[31m [ 50%][0m
tests/unit/test_rules/test_daily_realized_loss.py::TestDailyRealizedLossRule::test_violation_message_clarity [32mPASSED[0m[31m [ 50%][0m
tests/unit/test_rules/test_max_position_rule.py::TestMaxPositionRuleUnit::test_rule_initialization [32mPASSED[0m[31m [ 51%][0m
tests/unit/test_rules/test_max_position_rule.py::TestMaxPositionRuleUnit::test_rule_initialization_custom_action [32mPASSED[0m[31m [ 51%][0m
tests/unit/test_rules/test_max_position_rule.py::TestMaxPositionRuleUnit::test_position_below_limit_passes [32mPASSED[0m[31m [ 51%][0m
tests/unit/test_rules/test_max_position_rule.py::TestMaxPositionRuleUnit::test_zero_position_passes [32mPASSED[0m[31m [ 52%][0m
tests/unit/test_rules/test_max_position_rule.py::TestMaxPositionRuleUnit::test_position_at_limit_passes [32mPASSED[0m[31m [ 52%][0m
tests/unit/test_rules/test_max_position_rule.py::TestMaxPositionRuleUnit::test_position_exceeds_limit_violates [32mPASSED[0m[31m [ 53%][0m
tests/unit/test_rules/test_max_position_rule.py::TestMaxPositionRuleUnit::test_large_position_violates [32mPASSED[0m[31m [ 53%][0m
tests/unit/test_rules/test_max_position_rule.py::TestMaxPositionRuleUnit::test_multi_symbol_total_below_limit [32mPASSED[0m[31m [ 53%][0m
tests/unit/test_rules/test_max_position_rule.py::TestMaxPositionRuleUnit::test_multi_symbol_total_exceeds_limit [32mPASSED[0m[31m [ 54%][0m
tests/unit/test_rules/test_max_position_rule.py::TestMaxPositionRuleUnit::test_short_position_below_limit [32mPASSED[0m[31m [ 54%][0m
tests/unit/test_rules/test_max_position_rule.py::TestMaxPositionRuleUnit::test_short_position_exceeds_limit [32mPASSED[0m[31m [ 55%][0m
tests/unit/test_rules/test_max_position_rule.py::TestMaxPositionRuleUnit::test_flatten_action_in_violation [32mPASSED[0m[31m [ 55%][0m
tests/unit/test_rules/test_max_position_rule.py::TestMaxPositionRuleUnit::test_reject_action_in_violation [32mPASSED[0m[31m [ 55%][0m
tests/unit/test_rules/test_max_position_rule.py::TestMaxPositionRuleUnit::test_only_evaluates_position_events [32mPASSED[0m[31m [ 56%][0m
tests/unit/test_rules/test_max_position_rule.py::TestMaxPositionRuleUnit::test_evaluates_order_filled_event [32mPASSED[0m[31m [ 56%][0m
tests/unit/test_rules/test_max_position_rule.py::TestMaxPositionRuleUnit::test_negative_limit_raises_error [32mPASSED[0m[31m [ 57%][0m
tests/unit/test_rules/test_max_position_rule.py::TestMaxPositionRuleUnit::test_zero_limit [32mPASSED[0m[31m [ 57%][0m
tests/unit/test_rules/test_max_position_rule.py::TestMaxPositionRuleUnit::test_missing_position_data [32mPASSED[0m[31m [ 57%][0m
tests/unit/test_rules/test_max_position_rule.py::TestMaxPositionRuleUnit::test_violation_message_clarity [32mPASSED[0m[31m [ 58%][0m
tests/unit/test_rules/test_max_unrealized_profit.py::TestMaxUnrealizedProfitRule::test_rule_initialization [32mPASSED[0m[31m [ 58%][0m
tests/unit/test_rules/test_max_unrealized_profit.py::TestMaxUnrealizedProfitRule::test_rule_initialization_validates_positive_target [32mPASSED[0m[31m [ 59%][0m
tests/unit/test_rules/test_max_unrealized_profit.py::TestMaxUnrealizedProfitRule::test_profit_below_target_passes [32mPASSED[0m[31m [ 59%][0m
tests/unit/test_rules/test_max_unrealized_profit.py::TestMaxUnrealizedProfitRule::test_zero_profit_passes [32mPASSED[0m[31m [ 59%][0m
tests/unit/test_rules/test_max_unrealized_profit.py::TestMaxUnrealizedProfitRule::test_profit_at_exact_target_passes [32mPASSED[0m[31m [ 60%][0m
tests/unit/test_rules/test_max_unrealized_profit.py::TestMaxUnrealizedProfitRule::test_profit_exceeds_target_violates [32mPASSED[0m[31m [ 60%][0m
tests/unit/test_rules/test_max_unrealized_profit.py::TestMaxUnrealizedProfitRule::test_short_position_profit_exceeds_target [32mPASSED[0m[31m [ 61%][0m
tests/unit/test_rules/test_max_unrealized_profit.py::TestMaxUnrealizedProfitRule::test_violation_targets_specific_position_only [32mPASSED[0m[31m [ 61%][0m
tests/unit/test_rules/test_max_unrealized_profit.py::TestMaxUnrealizedProfitRule::test_violation_does_not_create_lockout [32mPASSED[0m[31m [ 61%][0m
tests/unit/test_rules/test_max_unrealized_profit.py::TestMaxUnrealizedProfitRule::test_multi_symbol_independent_tracking [32mPASSED[0m[31m [ 62%][0m
tests/unit/test_rules/test_max_unrealized_profit.py::TestMaxUnrealizedProfitRule::test_long_position_pnl_calculation [32mPASSED[0m[31m [ 62%][0m
tests/unit/test_rules/test_max_unrealized_profit.py::TestMaxUnrealizedProfitRule::test_mnq_position_pnl_calculation [32mPASSED[0m[31m [ 63%][0m
tests/unit/test_rules/test_max_unrealized_profit.py::TestMaxUnrealizedProfitRule::test_only_evaluates_position_events [32mPASSED[0m[31m [ 63%][0m
tests/unit/test_rules/test_max_unrealized_profit.py::TestMaxUnrealizedProfitRule::test_evaluates_position_updated_event [32mPASSED[0m[31m [ 63%][0m
tests/unit/test_rules/test_max_unrealized_profit.py::TestMaxUnrealizedProfitRule::test_missing_market_price_returns_none [32mPASSED[0m[31m [ 64%][0m
tests/unit/test_rules/test_max_unrealized_profit.py::TestMaxUnrealizedProfitRule::test_missing_position_data_returns_none [32mPASSED[0m[31m [ 64%][0m
tests/unit/test_state/test_lockout_manager.py::TestHardLockoutOperations::test_set_lockout_locks_account [32mPASSED[0m[31m [ 65%][0m
tests/unit/test_state/test_lockout_manager.py::TestHardLockoutOperations::test_is_locked_out_returns_true_when_locked [32mPASSED[0m[31m [ 65%][0m
tests/unit/test_state/test_lockout_manager.py::TestHardLockoutOperations::test_is_locked_out_returns_false_when_not_locked [32mPASSED[0m[31m [ 65%][0m
tests/unit/test_state/test_lockout_manager.py::TestHardLockoutOperations::test_get_lockout_info_returns_details [32mPASSED[0m[31m [ 66%][0m
tests/unit/test_state/test_lockout_manager.py::TestHardLockoutOperations::test_get_lockout_info_returns_none_when_not_locked [32mPASSED[0m[31m [ 66%][0m
tests/unit/test_state/test_lockout_manager.py::TestHardLockoutOperations::test_clear_lockout_removes_lockout [32mPASSED[0m[31m [ 67%][0m
tests/unit/test_state/test_lockout_manager.py::TestCooldownTimers::test_set_cooldown_creates_timer [32mPASSED[0m[31m [ 67%][0m
tests/unit/test_state/test_lockout_manager.py::TestCooldownTimers::test_cooldown_auto_expires_after_duration [32mPASSED[0m[31m [ 67%][0m
tests/unit/test_state/test_lockout_manager.py::TestCooldownTimers::test_cooldown_remaining_time_decreases [32mPASSED[0m[31m [ 68%][0m
tests/unit/test_state/test_lockout_manager.py::TestCooldownTimers::test_cooldown_cleared_cancels_timer [32mPASSED[0m[31m [ 68%][0m
tests/unit/test_state/test_lockout_manager.py::TestCooldownTimers::test_cooldown_integrates_with_timer_manager [32mPASSED[0m[31m [ 69%][0m
tests/unit/test_state/test_lockout_manager.py::TestBackgroundTask::test_check_expired_lockouts_runs_every_second [32mPASSED[0m[31m [ 69%][0m
tests/unit/test_state/test_lockout_manager.py::TestBackgroundTask::test_expired_lockout_auto_cleared [32mPASSED[0m[31m [ 69%][0m
tests/unit/test_state/test_lockout_manager.py::TestBackgroundTask::test_background_task_stops_on_shutdown [32mPASSED[0m[31m [ 70%][0m
tests/unit/test_state/test_lockout_manager.py::TestMultipleAccounts::test_multiple_accounts_locked_independently [32mPASSED[0m[31m [ 70%][0m
tests/unit/test_state/test_lockout_manager.py::TestMultipleAccounts::test_lockout_affects_only_target_account [32mPASSED[0m[31m [ 71%][0m
tests/unit/test_state/test_lockout_manager.py::TestMultipleAccounts::test_clear_lockout_affects_only_target_account [32mPASSED[0m[31m [ 71%][0m
tests/unit/test_state/test_lockout_manager.py::TestDatabasePersistence::test_lockout_saved_to_database [32mPASSED[0m[31m [ 71%][0m
tests/unit/test_state/test_lockout_manager.py::TestDatabasePersistence::test_lockout_deleted_from_database_on_clear [32mPASSED[0m[31m [ 72%][0m
tests/unit/test_state/test_lockout_manager.py::TestDatabasePersistence::test_load_lockouts_populates_memory_state [32mPASSED[0m[31m [ 72%][0m
tests/unit/test_state/test_lockout_manager.py::TestDatabasePersistence::test_expired_lockout_removed_from_database [32mPASSED[0m[31m [ 73%][0m
tests/unit/test_state/test_lockout_manager.py::TestDatabasePersistence::test_database_schema_correct [32mPASSED[0m[31m [ 73%][0m
tests/unit/test_state/test_lockout_manager.py::TestEdgeCases::test_lockout_until_past_time_immediately_expired [32mPASSED[0m[31m [ 73%][0m
tests/unit/test_state/test_lockout_manager.py::TestEdgeCases::test_lockout_reason_persisted_correctly [32mPASSED[0m[31m [ 74%][0m
tests/unit/test_state/test_lockout_manager.py::TestEdgeCases::test_double_lockout_overwrites_previous [32mPASSED[0m[31m [ 74%][0m
tests/unit/test_state/test_lockout_manager.py::TestEventRouterIntegration::test_locked_account_blocks_rule_processing [32mPASSED[0m[31m [ 75%][0m
tests/unit/test_state/test_lockout_manager.py::TestEventRouterIntegration::test_unlocked_account_allows_rule_processing [32mPASSED[0m[31m [ 75%][0m
tests/unit/test_state/test_lockout_manager.py::TestLockoutTypes::test_hard_lockout_type_stored_correctly [32mPASSED[0m[31m [ 75%][0m
tests/unit/test_state/test_lockout_manager.py::TestLockoutTypes::test_cooldown_type_stored_correctly [32mPASSED[0m[31m [ 76%][0m
tests/unit/test_state/test_lockout_manager.py::TestStartupShutdown::test_lockouts_restored_on_startup [32mPASSED[0m[31m [ 76%][0m
tests/unit/test_state/test_lockout_manager.py::TestStartupShutdown::test_shutdown_cancels_all_timers [32mPASSED[0m[31m [ 77%][0m
tests/unit/test_state/test_pnl_tracker.py::TestPnLTrackerBasics::test_tracker_initializes [32mPASSED[0m[31m [ 77%][0m
tests/unit/test_state/test_pnl_tracker.py::TestPnLTrackerBasics::test_get_daily_pnl_returns_zero_for_new_account [32mPASSED[0m[31m [ 77%][0m
tests/unit/test_state/test_pnl_tracker.py::TestPnLTrackerBasics::test_add_trade_pnl_updates_daily_total [32mPASSED[0m[31m [ 78%][0m
tests/unit/test_state/test_pnl_tracker.py::TestPnLTrackerPersistence::test_pnl_survives_restart [32mPASSED[0m[31m [ 78%][0m
tests/unit/test_state/test_pnl_tracker.py::TestPnLTrackerPersistence::test_multiple_accounts_tracked_independently [32mPASSED[0m[31m [ 79%][0m
tests/unit/test_state/test_pnl_tracker.py::TestPnLTrackerReset::test_reset_clears_daily_pnl [32mPASSED[0m[31m [ 79%][0m
tests/unit/test_state/test_pnl_tracker.py::TestPnLTrackerReset::test_different_dates_tracked_separately [32mPASSED[0m[31m [ 79%][0m
tests/unit/test_state/test_pnl_tracker.py::TestPnLTrackerTradeCount::test_trade_count_increments [32mPASSED[0m[31m [ 80%][0m
tests/unit/test_state/test_pnl_tracker.py::TestPnLTrackerTradeCount::test_trade_count_resets_with_pnl [32mPASSED[0m[31m [ 80%][0m
tests/unit/test_state/test_pnl_tracker.py::TestPnLTrackerEdgeCases::test_handles_zero_pnl_trades [32mPASSED[0m[31m [ 81%][0m
tests/unit/test_state/test_pnl_tracker.py::TestPnLTrackerEdgeCases::test_handles_large_pnl_values [32mPASSED[0m[31m [ 81%][0m
tests/unit/test_state/test_pnl_tracker.py::TestPnLTrackerEdgeCases::test_get_all_account_pnls [32mPASSED[0m[31m [ 81%][0m
tests/unit/test_state/test_reset_scheduler.py::TestDailyResetScheduling::test_schedule_daily_reset_creates_schedule [32mPASSED[0m[31m [ 82%][0m
tests/unit/test_state/test_reset_scheduler.py::TestDailyResetScheduling::test_daily_reset_converts_et_to_utc [32mPASSED[0m[31m [ 82%][0m
tests/unit/test_state/test_reset_scheduler.py::TestDailyResetScheduling::test_daily_reset_persists_to_database [32mPASSED[0m[31m [ 83%][0m
tests/unit/test_state/test_reset_scheduler.py::TestDailyResetScheduling::test_daily_reset_clears_pnl_tracker [32mPASSED[0m[31m [ 83%][0m
tests/unit/test_state/test_reset_scheduler.py::TestDailyResetScheduling::test_daily_reset_clears_lockout [32mPASSED[0m[31m [ 83%][0m
tests/unit/test_state/test_reset_scheduler.py::TestDailyResetScheduling::test_daily_reset_does_not_trigger_twice_same_day [32mPASSED[0m[31m [ 84%][0m
tests/unit/test_state/test_reset_scheduler.py::TestWeeklyResetScheduling::test_schedule_weekly_reset_creates_schedule [32mPASSED[0m[31m [ 84%][0m
tests/unit/test_state/test_reset_scheduler.py::TestWeeklyResetScheduling::test_weekly_reset_triggers_on_monday [32mPASSED[0m[31m [ 85%][0m
tests/unit/test_state/test_reset_scheduler.py::TestWeeklyResetScheduling::test_weekly_reset_clears_weekly_pnl [32mPASSED[0m[31m [ 85%][0m
tests/unit/test_state/test_reset_scheduler.py::TestTimezoneHandling::test_et_to_utc_conversion_standard_time [32mPASSED[0m[31m [ 85%][0m
tests/unit/test_state/test_reset_scheduler.py::TestTimezoneHandling::test_et_to_utc_conversion_daylight_time [32mPASSED[0m[31m [ 86%][0m
tests/unit/test_state/test_reset_scheduler.py::TestTimezoneHandling::test_dst_transition_handling [32mPASSED[0m[31m [ 86%][0m
tests/unit/test_state/test_reset_scheduler.py::TestDatabasePersistence::test_reset_log_saved_to_database [32mPASSED[0m[31m [ 87%][0m
tests/unit/test_state/test_reset_scheduler.py::TestDatabasePersistence::test_last_reset_time_loaded_from_database [32mPASSED[0m[31m [ 87%][0m
tests/unit/test_state/test_reset_scheduler.py::TestBackgroundTask::test_background_task_checks_every_minute [32mPASSED[0m[31m [ 87%][0m
tests/unit/test_state/test_reset_scheduler.py::TestBackgroundTask::test_reset_triggered_automatically_at_time [32mPASSED[0m[31m [ 88%][0m
tests/unit/test_state/test_reset_scheduler.py::TestBackgroundTask::test_shutdown_stops_background_task [32mPASSED[0m[31m [ 88%][0m
tests/unit/test_state/test_reset_scheduler.py::TestEdgeCases::test_multiple_accounts_independent_schedules [32mPASSED[0m[31m [ 89%][0m
tests/unit/test_state/test_reset_scheduler.py::TestEdgeCases::test_reset_time_calculation_near_midnight [32mPASSED[0m[31m [ 89%][0m
tests/unit/test_state/test_reset_scheduler.py::TestEdgeCases::test_unscheduled_account_returns_none [32mPASSED[0m[31m [ 89%][0m
tests/unit/test_state/test_reset_scheduler.py::TestDatabaseSchema::test_reset_log_table_created [32mPASSED[0m[31m [ 90%][0m
tests/unit/test_state/test_reset_scheduler.py::TestIntegration::test_reset_sequence_executes_in_order [32mPASSED[0m[31m [ 90%][0m
tests/unit/test_state/test_reset_scheduler.py::TestIntegration::test_full_lifecycle_start_to_stop [32mPASSED[0m[31m [ 91%][0m
tests/unit/test_state/test_timer_manager.py::test_start_timer_creates_timer [32mPASSED[0m[31m [ 91%][0m
tests/unit/test_state/test_timer_manager.py::test_get_remaining_time_decreases [32mPASSED[0m[31m [ 91%][0m
tests/unit/test_state/test_timer_manager.py::test_cancel_timer_removes_timer [32mPASSED[0m[31m [ 92%][0m
tests/unit/test_state/test_timer_manager.py::test_expired_timer_executes_callback [32mPASSED[0m[31m [ 92%][0m
tests/unit/test_state/test_timer_manager.py::test_expired_timer_auto_removed [32mPASSED[0m[31m [ 93%][0m
tests/unit/test_state/test_timer_manager.py::test_multiple_timers_run_simultaneously [32mPASSED[0m[31m [ 93%][0m
tests/unit/test_state/test_timer_manager.py::test_timers_expire_independently [32mPASSED[0m[31m [ 93%][0m
tests/unit/test_state/test_timer_manager.py::test_cancel_specific_timer_preserves_others [32mPASSED[0m[31m [ 94%][0m
tests/unit/test_state/test_timer_manager.py::test_callback_receives_correct_context [32mPASSED[0m[31m [ 94%][0m
tests/unit/test_state/test_timer_manager.py::test_callback_exception_doesnt_crash_manager [32mPASSED[0m[31m [ 95%][0m
tests/unit/test_state/test_timer_manager.py::test_callback_executes_exactly_once [32mPASSED[0m[31m [ 95%][0m
tests/unit/test_state/test_timer_manager.py::test_async_callback_supported [32mPASSED[0m[31m [ 95%][0m
tests/unit/test_state/test_timer_manager.py::test_zero_duration_timer_executes_immediately [32mPASSED[0m[31m [ 96%][0m
tests/unit/test_state/test_timer_manager.py::test_negative_duration_raises_error [32mPASSED[0m[31m [ 96%][0m
tests/unit/test_state/test_timer_manager.py::test_timer_precision_within_tolerance [32mPASSED[0m[31m [ 97%][0m
tests/unit/test_state/test_timer_manager.py::test_check_timers_runs_every_second [32mPASSED[0m[31m [ 97%][0m
tests/unit/test_state/test_timer_manager.py::test_check_timers_stops_on_shutdown [32mPASSED[0m[31m [ 97%][0m
tests/unit/test_state/test_timer_manager.py::test_get_remaining_time_nonexistent_timer_returns_zero [32mPASSED[0m[31m [ 98%][0m
tests/unit/test_state/test_timer_manager.py::test_cancel_nonexistent_timer_no_error [32mPASSED[0m[31m [ 98%][0m
tests/unit/test_state/test_timer_manager.py::test_duplicate_timer_name_overwrites_previous [32mPASSED[0m[31m [ 99%][0m
tests/unit/test_state/test_timer_manager.py::test_has_timer_returns_false_for_nonexistent [32mPASSED[0m[31m [ 99%][0m
tests/unit/test_state/test_timer_manager.py::test_start_timer_without_callback_raises_error [32mPASSED[0m[31m [100%][0m

=================================== FAILURES ===================================
[31m[1m_________________________ test_dry_run_pnl_calculation _________________________[0m
[1m[31mtests/runtime/test_dry_run.py[0m:175: in test_dry_run_pnl_calculation
    [0mdb = Database()[90m[39;49;00m
         ^^^^^^^^^^[90m[39;49;00m
[1m[31mE   TypeError: Database.__init__() missing 1 required positional argument: 'db_path'[0m
[31m[1m_______________________ test_dry_run_vs_real_comparison ________________________[0m
[1m[31mtests/runtime/test_dry_run.py[0m:242: in test_dry_run_vs_real_comparison
    [0m[94massert[39;49;00m result[[33m'[39;49;00m[33mpassed[39;49;00m[33m'[39;49;00m] [95mis[39;49;00m [94mTrue[39;49;00m[90m[39;49;00m
[1m[31mE   assert False is True[0m
[31m[1m__________________ test_post_condition_event_bus_operational ___________________[0m
[1m[31mtests/runtime/test_post_conditions.py[0m:133: in test_post_condition_event_bus_operational
    [0m[94massert[39;49;00m result[[33m'[39;49;00m[33mpassed[39;49;00m[33m'[39;49;00m] [95mis[39;49;00m [94mTrue[39;49;00m[90m[39;49;00m
[1m[31mE   assert False is True[0m
[31m[1m_________________________ test_smoke_event_bus_success _________________________[0m
[1m[31mtests/runtime/test_smoke.py[0m:94: in test_smoke_event_bus_success
    [0m[94massert[39;49;00m result[[33m'[39;49;00m[33mpassed[39;49;00m[33m'[39;49;00m] [95mis[39;49;00m [94mTrue[39;49;00m[90m[39;49;00m
[1m[31mE   assert False is True[0m
[31m[1m______________________ test_smoke_state_tracking_success _______________________[0m
[1m[31mtests/runtime/test_smoke.py[0m:127: in test_smoke_state_tracking_success
    [0mdb = Database()[90m[39;49;00m
         ^^^^^^^^^^[90m[39;49;00m
[1m[31mE   TypeError: Database.__init__() missing 1 required positional argument: 'db_path'[0m
[33m=============================== warnings summary ===============================[0m
.venv/lib/python3.13/site-packages/uvloop/__init__.py:154
  /mnt/c/Users/jakers/Desktop/risk-manager-v34/.venv/lib/python3.13/site-packages/uvloop/__init__.py:154: DeprecationWarning: uvloop.install() is deprecated in favor of uvloop.run() starting with Python 3.12.
    _warnings.warn(

tests/e2e/test_max_contracts_e2e.py:80
  /mnt/c/Users/jakers/Desktop/risk-manager-v34/tests/e2e/test_max_contracts_e2e.py:80: PytestUnknownMarkWarning: Unknown pytest.mark.e2e - is this a typo?  You can register custom marks to avoid this warning - for details, see https://docs.pytest.org/en/stable/how-to/mark.html
    @pytest.mark.e2e

tests/runtime/test_post_conditions.py::test_post_condition_event_bus_operational
  /mnt/c/Users/jakers/Desktop/risk-manager-v34/tests/runtime/test_post_conditions.py:117: RuntimeWarning: coroutine 'EventBus.publish' was never awaited
    bus.publish(RiskEvent(event_type=EventType.TRADE_EXECUTED, data={}))
  Enable tracemalloc to get traceback where the object was allocated.
  See https://docs.pytest.org/en/stable/how-to/capture-warnings.html#resource-warnings for more info.

tests/runtime/test_smoke.py::test_smoke_event_bus_success
  /mnt/c/Users/jakers/Desktop/risk-manager-v34/tests/runtime/test_smoke.py:85: RuntimeWarning: coroutine 'EventBus.publish' was never awaited
    bus.publish(RiskEvent(event_type=EventType.POSITION_UPDATED, data={}))
  Enable tracemalloc to get traceback where the object was allocated.
  See https://docs.pytest.org/en/stable/how-to/capture-warnings.html#resource-warnings for more info.

tests/unit/test_state/test_lockout_manager.py: 31 warnings
tests/unit/test_state/test_pnl_tracker.py: 12 warnings
tests/unit/test_state/test_reset_scheduler.py: 23 warnings
  /mnt/c/Users/jakers/Desktop/risk-manager-v34/src/risk_manager/state/database.py:82: DeprecationWarning: datetime.datetime.utcnow() is deprecated and scheduled for removal in a future version. Use timezone-aware objects to represent datetimes in UTC: datetime.datetime.now(datetime.UTC).
    (1, datetime.utcnow().isoformat()),

tests/unit/test_state/test_lockout_manager.py::TestCooldownTimers::test_cooldown_auto_expires_after_duration
tests/unit/test_state/test_lockout_manager.py::TestCooldownTimers::test_cooldown_cleared_cancels_timer
  /mnt/c/Users/jakers/Desktop/risk-manager-v34/src/risk_manager/state/lockout_manager.py:394: RuntimeWarning: coroutine 'AsyncMockMixin._execute_mock_call' was never awaited
    self.timer_manager.cancel_timer(f"lockout_{account_id}")
  Enable tracemalloc to get traceback where the object was allocated.
  See https://docs.pytest.org/en/stable/how-to/capture-warnings.html#resource-warnings for more info.

tests/unit/test_state/test_pnl_tracker.py: 23 warnings
  /mnt/c/Users/jakers/Desktop/risk-manager-v34/src/risk_manager/state/pnl_tracker.py:63: DeprecationWarning: datetime.datetime.utcnow() is deprecated and scheduled for removal in a future version. Use timezone-aware objects to represent datetimes in UTC: datetime.datetime.now(datetime.UTC).
    now = datetime.utcnow().isoformat()

tests/unit/test_state/test_pnl_tracker.py::TestPnLTrackerReset::test_reset_clears_daily_pnl
tests/unit/test_state/test_pnl_tracker.py::TestPnLTrackerTradeCount::test_trade_count_resets_with_pnl
  /mnt/c/Users/jakers/Desktop/risk-manager-v34/src/risk_manager/state/pnl_tracker.py:194: DeprecationWarning: datetime.datetime.utcnow() is deprecated and scheduled for removal in a future version. Use timezone-aware objects to represent datetimes in UTC: datetime.datetime.now(datetime.UTC).
    now = datetime.utcnow().isoformat()

-- Docs: https://docs.pytest.org/en/stable/how-to/capture-warnings.html
[36m[1m=========================== short test summary info ============================[0m
[31mFAILED[0m tests/runtime/test_dry_run.py::[1mtest_dry_run_pnl_calculation[0m - TypeError: Database.__init__() missing 1 required positional argument: 'db_...
[31mFAILED[0m tests/runtime/test_dry_run.py::[1mtest_dry_run_vs_real_comparison[0m - assert False is True
[31mFAILED[0m tests/runtime/test_post_conditions.py::[1mtest_post_condition_event_bus_operational[0m - assert False is True
[31mFAILED[0m tests/runtime/test_smoke.py::[1mtest_smoke_event_bus_success[0m - assert False is True
[31mFAILED[0m tests/runtime/test_smoke.py::[1mtest_smoke_state_tracking_success[0m - TypeError: Database.__init__() missing 1 required positional argument: 'db_...
[31m============ [31m[1m5 failed[0m, [32m244 passed[0m, [33m97 warnings[0m[31m in 103.65s (0:01:43)[0m[31m ============[0m


================================================================================
End of Report
================================================================================
